{"failedCount":1,"prefixedPath":"classpath:apiServices\/NoTags.feature","packageQualifiedName":"apiServices.NoTags","loopIndex":-1,"relativePath":"apiServices\/NoTags.feature","scenarioResults":[{"sectionIndex":0,"stepResults":[{"result":{"nanos":756500,"millis":0.7565,"status":"passed"},"step":{"line":4,"prefix":"*","index":0,"text":"url 'https:\/\/gorest.co.in'"},"stepLog":"10:47:31.028 karate.env system property was: null \n"},{"result":{"nanos":12555800,"errorMessage":"js failed:\n>>>>\n01: (function(s)\n02: {\n03: \tvar text=\"\";\n04: \tvar pattern=\"ABcd1234\"\n05: \tfor (int i=0; i<s; i++)\n06: \t\ttext += pattern.charAt(Math.floor(Math.random() * pattern.length()));\n07: \treturn text;\n08: \t}\n09: \t\t\n10: \t\t\n11: })\n<<<<\norg.graalvm.polyglot.PolyglotException: SyntaxError: Unnamed:5:10 Expected ; but found i\r\n\tfor (int i=0; i<s; i++)\r\n\t         ^\nUnnamed:5:23 Expected ; but found )\r\n\tfor (int i=0; i<s; i++)\r\n\t                      ^\nUnnamed:11:0 Expected ) but found }\r\n})\r\n^\nUnnamed:11:1 Expected ; but found )\r\n})\r\n ^\n\n- org.graalvm.polyglot.Context.eval(Context.java:401)\n- com.intuit.karate.graal.JsEngine.evalForValue(JsEngine.java:141)\n- com.intuit.karate.graal.JsEngine.eval(JsEngine.java:137)\n- com.intuit.karate.core.ScenarioEngine.evalJs(ScenarioEngine.java:1344)\n- com.intuit.karate.core.ScenarioEngine.evalKarateExpression(ScenarioEngine.java:2373)\n- com.intuit.karate.core.ScenarioEngine.evalKarateExpression(ScenarioEngine.java:2292)\n- com.intuit.karate.core.ScenarioEngine.evalAndCastTo(ScenarioEngine.java:1412)\n\nclasspath:apiServices\/NoTags.feature:5","millis":12.5558,"status":"failed"},"step":{"endLine":18,"line":5,"prefix":"*","docString":"function(s)\n{\n\tvar text=\"\";\n\tvar pattern=\"ABcd1234\"\n\tfor (int i=0; i<s; i++)\n\t\ttext += pattern.charAt(Math.floor(Math.random() * pattern.length()));\n\treturn text;\n\t}\n\t\t\n\t\t\n}","index":1,"text":"def random_string ="},"stepLog":"10:47:31.065 classpath:apiServices\/NoTags.feature:5\n* def random_string =\n\"\"\"\nfunction(s)\n{\n\tvar text=\"\";\n\tvar pattern=\"ABcd1234\"\n\tfor (int i=0; i<s; i++)\n\t\ttext += pattern.charAt(Math.floor(Math.random() * pattern.length()));\n\treturn text;\n\t}\n\t\t\n\t\t\n}\n\"\"\"\njs failed:\n>>>>\n01: (function(s)\n02: {\n03: \tvar text=\"\";\n04: \tvar pattern=\"ABcd1234\"\n05: \tfor (int i=0; i<s; i++)\n06: \t\ttext += pattern.charAt(Math.floor(Math.random() * pattern.length()));\n07: \treturn text;\n08: \t}\n09: \t\t\n10: \t\t\n11: })\n<<<<\norg.graalvm.polyglot.PolyglotException: SyntaxError: Unnamed:5:10 Expected ; but found i\r\n\tfor (int i=0; i<s; i++)\r\n\t         ^\nUnnamed:5:23 Expected ; but found )\r\n\tfor (int i=0; i<s; i++)\r\n\t                      ^\nUnnamed:11:0 Expected ) but found }\r\n})\r\n^\nUnnamed:11:1 Expected ; but found )\r\n})\r\n ^\n\n- org.graalvm.polyglot.Context.eval(Context.java:401)\n- com.intuit.karate.graal.JsEngine.evalForValue(JsEngine.java:141)\n- com.intuit.karate.graal.JsEngine.eval(JsEngine.java:137)\n- com.intuit.karate.core.ScenarioEngine.evalJs(ScenarioEngine.java:1344)\n- com.intuit.karate.core.ScenarioEngine.evalKarateExpression(ScenarioEngine.java:2373)\n- com.intuit.karate.core.ScenarioEngine.evalKarateExpression(ScenarioEngine.java:2292)\n- com.intuit.karate.core.ScenarioEngine.evalAndCastTo(ScenarioEngine.java:1412)\n\nclasspath:apiServices\/NoTags.feature:5\n"},{"result":{"nanos":0,"millis":0.0,"status":"skipped"},"step":{"line":19,"prefix":"*","index":2,"text":"def randomstring = random_string(5)"}},{"result":{"nanos":0,"millis":0.0,"status":"skipped"},"step":{"line":20,"prefix":"*","index":3,"text":"print randomstring"}},{"result":{"nanos":0,"millis":0.0,"status":"skipped"},"step":{"endLine":29,"line":21,"prefix":"*","docString":"{\n\"name\": \"Jatin\",  \t\n\"email\": \"tom210@gmail.com\",\n\"gender\": \"male\",\n\"status\": \"active\"\n \t\t}","index":4,"text":"def requestPayload ="}},{"result":{"nanos":0,"millis":0.0,"status":"skipped"},"step":{"line":30,"prefix":"Given","index":5,"text":"path '\/public\/v2\/users'"}},{"result":{"nanos":0,"millis":0.0,"status":"skipped"},"step":{"line":31,"prefix":"And","index":6,"text":"request requestPayload"}},{"result":{"nanos":0,"millis":0.0,"status":"skipped"},"step":{"line":32,"prefix":"And","index":7,"text":"header Authorization = 'Bearer '+ 'd8df370f4688b2f4960f8e1fc6654a3bbd20330efdd4c6281d8f39fd39a109ec'"}},{"result":{"nanos":0,"millis":0.0,"status":"skipped"},"step":{"line":33,"prefix":"When","index":8,"text":"method post"}},{"result":{"nanos":0,"millis":0.0,"status":"skipped"},"step":{"line":34,"prefix":"Then","index":9,"text":"status 422"}},{"result":{"nanos":0,"millis":0.0,"status":"skipped"},"step":{"comments":["# * print 'response:', response"],"line":36,"prefix":"And","index":10,"text":"match $.data.id == '#present'"}},{"result":{"nanos":0,"millis":0.0,"status":"skipped"},"step":{"line":37,"prefix":"And","index":11,"text":"match $.data.status == '#present'"}},{"result":{"nanos":0,"millis":0.0,"status":"skipped"},"step":{"line":38,"prefix":"And","index":12,"text":"match $.data.name == '#present'"}},{"result":{"nanos":0,"millis":0.0,"status":"skipped"},"step":{"line":39,"prefix":"And","index":13,"text":"match $.data.email == '#present'"}},{"result":{"nanos":0,"errorMessage":"Cannot invoke \"com.aventstack.extentreports.ExtentTest.info(String)\" because \"apiServices.ReportHook.test\" is null\nclasspath:apiServices\/NoTags.feature:3","millis":0.0,"status":"failed"},"step":{"endLine":0,"line":3,"prefix":"*","index":-1,"text":"scenario [cleanup] failed"},"stepLog":"Cannot invoke \"com.aventstack.extentreports.ExtentTest.info(String)\" because \"apiServices.ReportHook.test\" is null\njava.lang.NullPointerException: Cannot invoke \"com.aventstack.extentreports.ExtentTest.info(String)\" because \"apiServices.ReportHook.test\" is null\r\n\tat apiServices.ReportHook.afterScenario(ReportHook.java:48)\r\n\tat com.intuit.karate.core.ScenarioRuntime.lambda$afterRun$8(ScenarioRuntime.java:559)\r\n\tat java.base\/java.util.ArrayList.forEach(ArrayList.java:1511)\r\n\tat com.intuit.karate.core.ScenarioRuntime.afterRun(ScenarioRuntime.java:559)\r\n\tat com.intuit.karate.core.ScenarioRuntime.run(ScenarioRuntime.java:464)\r\n\tat com.intuit.karate.core.FeatureRuntime.processScenario(FeatureRuntime.java:182)\r\n\tat java.base\/java.util.stream.ReferencePipeline$2$1.accept(ReferencePipeline.java:179)\r\n\tat com.intuit.karate.core.ScenarioIterator.tryAdvance(ScenarioIterator.java:157)\r\n\tat java.base\/java.util.Spliterator.forEachRemaining(Spliterator.java:332)\r\n\tat java.base\/java.util.stream.AbstractPipeline.copyInto(AbstractPipeline.java:509)\r\n\tat java.base\/java.util.stream.AbstractPipeline.wrapAndCopyInto(AbstractPipeline.java:499)\r\n\tat java.base\/java.util.stream.StreamSpliterators$WrappingSpliterator.forEachRemaining(StreamSpliterators.java:310)\r\n\tat java.base\/java.util.Spliterators$1Adapter.forEachRemaining(Spliterators.java:706)\r\n\tat com.intuit.karate.core.FeatureRuntime.run(FeatureRuntime.java:165)\r\n\tat java.base\/java.util.concurrent.Executors$RunnableAdapter.call(Executors.java:539)\r\n\tat java.base\/java.util.concurrent.FutureTask.run(FutureTask.java:264)\r\n\tat com.intuit.karate.core.SyncExecutorService.execute(SyncExecutorService.java:70)\r\n\tat java.base\/java.util.concurrent.AbstractExecutorService.submit(AbstractExecutorService.java:123)\r\n\tat com.intuit.karate.Suite.run(Suite.java:235)\r\n\tat com.intuit.karate.Runner$Builder.parallel(Runner.java:575)\r\n\tat ScenarioRunner.testParallel(ScenarioRunner.java:15)\r\n\tat java.base\/jdk.internal.reflect.NativeMethodAccessorImpl.invoke0(Native Method)\r\n\tat java.base\/jdk.internal.reflect.NativeMethodAccessorImpl.invoke(NativeMethodAccessorImpl.java:77)\r\n\tat java.base\/jdk.internal.reflect.DelegatingMethodAccessorImpl.invoke(DelegatingMethodAccessorImpl.java:43)\r\n\tat java.base\/java.lang.reflect.Method.invoke(Method.java:568)\r\n\tat org.junit.platform.commons.util.ReflectionUtils.invokeMethod(ReflectionUtils.java:688)\r\n\tat org.junit.jupiter.engine.execution.MethodInvocation.proceed(MethodInvocation.java:60)\r\n\tat org.junit.jupiter.engine.execution.InvocationInterceptorChain$ValidatingInvocation.proceed(InvocationInterceptorChain.java:131)\r\n\tat org.junit.jupiter.engine.extension.TimeoutExtension.intercept(TimeoutExtension.java:149)\r\n\tat org.junit.jupiter.engine.extension.TimeoutExtension.interceptTestableMethod(TimeoutExtension.java:140)\r\n\tat org.junit.jupiter.engine.extension.TimeoutExtension.interceptTestMethod(TimeoutExtension.java:84)\r\n\tat org.junit.jupiter.engine.execution.ExecutableInvoker$ReflectiveInterceptorCall.lambda$ofVoidMethod$0(ExecutableInvoker.java:115)\r\n\tat org.junit.jupiter.engine.execution.ExecutableInvoker.lambda$invoke$0(ExecutableInvoker.java:105)\r\n\tat org.junit.jupiter.engine.execution.InvocationInterceptorChain$InterceptedInvocation.proceed(InvocationInterceptorChain.java:106)\r\n\tat org.junit.jupiter.engine.execution.InvocationInterceptorChain.proceed(InvocationInterceptorChain.java:64)\r\n\tat org.junit.jupiter.engine.execution.InvocationInterceptorChain.chainAndInvoke(InvocationInterceptorChain.java:45)\r\n\tat org.junit.jupiter.engine.execution.InvocationInterceptorChain.invoke(InvocationInterceptorChain.java:37)\r\n\tat org.junit.jupiter.engine.execution.ExecutableInvoker.invoke(ExecutableInvoker.java:104)\r\n\tat org.junit.jupiter.engine.execution.ExecutableInvoker.invoke(ExecutableInvoker.java:98)\r\n\tat org.junit.jupiter.engine.descriptor.TestMethodTestDescriptor.lambda$invokeTestMethod$6(TestMethodTestDescriptor.java:210)\r\n\tat org.junit.platform.engine.support.hierarchical.ThrowableCollector.execute(ThrowableCollector.java:73)\r\n\tat org.junit.jupiter.engine.descriptor.TestMethodTestDescriptor.invokeTestMethod(TestMethodTestDescriptor.java:206)\r\n\tat org.junit.jupiter.engine.descriptor.TestMethodTestDescriptor.execute(TestMethodTestDescriptor.java:131)\r\n\tat org.junit.jupiter.engine.descriptor.TestMethodTestDescriptor.execute(TestMethodTestDescriptor.java:65)\r\n\tat org.junit.platform.engine.support.hierarchical.NodeTestTask.lambda$executeRecursively$5(NodeTestTask.java:139)\r\n\tat org.junit.platform.engine.support.hierarchical.ThrowableCollector.execute(ThrowableCollector.java:73)\r\n\tat org.junit.platform.engine.support.hierarchical.NodeTestTask.lambda$executeRecursively$7(NodeTestTask.java:129)\r\n\tat org.junit.platform.engine.support.hierarchical.Node.around(Node.java:137)\r\n\tat org.junit.platform.engine.support.hierarchical.NodeTestTask.lambda$executeRecursively$8(NodeTestTask.java:127)\r\n\tat org.junit.platform.engine.support.hierarchical.ThrowableCollector.execute(ThrowableCollector.java:73)\r\n\tat org.junit.platform.engine.support.hierarchical.NodeTestTask.executeRecursively(NodeTestTask.java:126)\r\n\tat org.junit.platform.engine.support.hierarchical.NodeTestTask.execute(NodeTestTask.java:84)\r\n\tat java.base\/java.util.ArrayList.forEach(ArrayList.java:1511)\r\n\tat org.junit.platform.engine.support.hierarchical.SameThreadHierarchicalTestExecutorService.invokeAll(SameThreadHierarchicalTestExecutorService.java:38)\r\n\tat org.junit.platform.engine.support.hierarchical.NodeTestTask.lambda$executeRecursively$5(NodeTestTask.java:143)\r\n\tat org.junit.platform.engine.support.hierarchical.ThrowableCollector.execute(ThrowableCollector.java:73)\r\n\tat org.junit.platform.engine.support.hierarchical.NodeTestTask.lambda$executeRecursively$7(NodeTestTask.java:129)\r\n\tat org.junit.platform.engine.support.hierarchical.Node.around(Node.java:137)\r\n\tat org.junit.platform.engine.support.hierarchical.NodeTestTask.lambda$executeRecursively$8(NodeTestTask.java:127)\r\n\tat org.junit.platform.engine.support.hierarchical.ThrowableCollector.execute(ThrowableCollector.java:73)\r\n\tat org.junit.platform.engine.support.hierarchical.NodeTestTask.executeRecursively(NodeTestTask.java:126)\r\n\tat org.junit.platform.engine.support.hierarchical.NodeTestTask.execute(NodeTestTask.java:84)\r\n\tat java.base\/java.util.ArrayList.forEach(ArrayList.java:1511)\r\n\tat org.junit.platform.engine.support.hierarchical.SameThreadHierarchicalTestExecutorService.invokeAll(SameThreadHierarchicalTestExecutorService.java:38)\r\n\tat org.junit.platform.engine.support.hierarchical.NodeTestTask.lambda$executeRecursively$5(NodeTestTask.java:143)\r\n\tat org.junit.platform.engine.support.hierarchical.ThrowableCollector.execute(ThrowableCollector.java:73)\r\n\tat org.junit.platform.engine.support.hierarchical.NodeTestTask.lambda$executeRecursively$7(NodeTestTask.java:129)\r\n\tat org.junit.platform.engine.support.hierarchical.Node.around(Node.java:137)\r\n\tat org.junit.platform.engine.support.hierarchical.NodeTestTask.lambda$executeRecursively$8(NodeTestTask.java:127)\r\n\tat org.junit.platform.engine.support.hierarchical.ThrowableCollector.execute(ThrowableCollector.java:73)\r\n\tat org.junit.platform.engine.support.hierarchical.NodeTestTask.executeRecursively(NodeTestTask.java:126)\r\n\tat org.junit.platform.engine.support.hierarchical.NodeTestTask.execute(NodeTestTask.java:84)\r\n\tat org.junit.platform.engine.support.hierarchical.SameThreadHierarchicalTestExecutorService.submit(SameThreadHierarchicalTestExecutorService.java:32)\r\n\tat org.junit.platform.engine.support.hierarchical.HierarchicalTestExecutor.execute(HierarchicalTestExecutor.java:57)\r\n\tat org.junit.platform.engine.support.hierarchical.HierarchicalTestEngine.execute(HierarchicalTestEngine.java:51)\r\n\tat org.junit.platform.launcher.core.EngineExecutionOrchestrator.execute(EngineExecutionOrchestrator.java:108)\r\n\tat org.junit.platform.launcher.core.EngineExecutionOrchestrator.execute(EngineExecutionOrchestrator.java:88)\r\n\tat org.junit.platform.launcher.core.EngineExecutionOrchestrator.lambda$execute$0(EngineExecutionOrchestrator.java:54)\r\n\tat org.junit.platform.launcher.core.EngineExecutionOrchestrator.withInterceptedStreams(EngineExecutionOrchestrator.java:67)\r\n\tat org.junit.platform.launcher.core.EngineExecutionOrchestrator.execute(EngineExecutionOrchestrator.java:52)\r\n\tat org.junit.platform.launcher.core.DefaultLauncher.execute(DefaultLauncher.java:96)\r\n\tat org.junit.platform.launcher.core.DefaultLauncher.execute(DefaultLauncher.java:84)\r\n\tat org.eclipse.jdt.internal.junit5.runner.JUnit5TestReference.run(JUnit5TestReference.java:98)\r\n\tat org.eclipse.jdt.internal.junit.runner.TestExecution.run(TestExecution.java:40)\r\n\tat org.eclipse.jdt.internal.junit.runner.RemoteTestRunner.runTests(RemoteTestRunner.java:529)\r\n\tat org.eclipse.jdt.internal.junit.runner.RemoteTestRunner.runTests(RemoteTestRunner.java:756)\r\n\tat org.eclipse.jdt.internal.junit.runner.RemoteTestRunner.run(RemoteTestRunner.java:452)\r\n\tat org.eclipse.jdt.internal.junit.runner.RemoteTestRunner.main(RemoteTestRunner.java:210)\r\n"}],"line":3,"description":"","durationMillis":13.3123,"failed":true,"error":"Cannot invoke \"com.aventstack.extentreports.ExtentTest.info(String)\" because \"apiServices.ReportHook.test\" is null\nclasspath:apiServices\/NoTags.feature:3","tags":["Video"],"executorName":"main","name":"Create a user with given data","startTime":1672204650924,"refId":"[1:3]","endTime":1672204651065,"exampleIndex":-1}],"callDepth":0,"name":"Create user for POST API","description":"","resultDate":"2022-12-28 10:47:31 am","durationMillis":13.3123,"passedCount":0}