{"failedCount":1,"prefixedPath":"classpath:apiServices\/NoTags.feature","packageQualifiedName":"apiServices.NoTags","loopIndex":-1,"relativePath":"apiServices\/NoTags.feature","scenarioResults":[{"sectionIndex":0,"stepResults":[{"result":{"nanos":75105600,"millis":75.1056,"status":"passed"},"step":{"endLine":12,"line":4,"prefix":"*","docString":"{\n\"name\": \"Jatin\",  \t\n\"email\": \"tom20@gmail.com\",\n\"gender\": \"male\",\n\"status\": \"active\"\n \t\t}","index":0,"text":"def requestPayload ="},"stepLog":"12:59:19.214 karate.env system property was: null \n"},{"result":{"nanos":935500,"millis":0.9355,"status":"passed"},"step":{"line":13,"prefix":"Given","index":1,"text":"path 'https:\/\/gorest.co.in\/public\/v2\/users'"}},{"result":{"nanos":5142800,"millis":5.1428,"status":"passed"},"step":{"line":14,"prefix":"And","index":2,"text":"request requestPayload"}},{"result":{"nanos":3363700,"millis":3.3637,"status":"passed"},"step":{"line":15,"prefix":"And","index":3,"text":"header Authorization = 'Bearer '+ 'd8df370f4688b2f4960f8e1fc6654a3bbd20330efdd4c6281d8f39fd39a109ec'"}},{"result":{"nanos":518106500,"errorMessage":"http call failed after 468 milliseconds for url: \/https:\/gorest.co.in\/public\/v2\/users\nclasspath:apiServices\/NoTags.feature:16","millis":518.1065,"status":"failed"},"step":{"line":16,"prefix":"When","index":4,"text":"method POST"},"stepLog":"12:59:19.881 org.apache.http.ProtocolException: Target host is not specified, http call failed after 468 milliseconds for url: \/https:\/gorest.co.in\/public\/v2\/users\n12:59:19.882 classpath:apiServices\/NoTags.feature:16\nWhen method POST\nhttp call failed after 468 milliseconds for url: \/https:\/gorest.co.in\/public\/v2\/users\nclasspath:apiServices\/NoTags.feature:16\n"},{"result":{"nanos":0,"millis":0.0,"status":"skipped"},"step":{"line":17,"prefix":"Then","index":5,"text":"status 201"}},{"result":{"nanos":0,"millis":0.0,"status":"skipped"},"step":{"comments":["# * print 'response:', response"],"line":19,"prefix":"And","index":6,"text":"match $.data.id == '#present'"}},{"result":{"nanos":0,"millis":0.0,"status":"skipped"},"step":{"line":20,"prefix":"And","index":7,"text":"match $.data.status == '#present'"}},{"result":{"nanos":0,"millis":0.0,"status":"skipped"},"step":{"line":21,"prefix":"And","index":8,"text":"match $.data.name == '#present'"}},{"result":{"nanos":0,"millis":0.0,"status":"skipped"},"step":{"line":22,"prefix":"And","index":9,"text":"match $.data.email == '#present'"}},{"result":{"nanos":0,"errorMessage":"Cannot invoke \"com.aventstack.extentreports.ExtentTest.info(String)\" because \"apiServices.ReportHook.test\" is null\nclasspath:apiServices\/NoTags.feature:3","millis":0.0,"status":"failed"},"step":{"endLine":0,"line":3,"prefix":"*","index":-1,"text":"scenario [cleanup] failed"},"stepLog":"Cannot invoke \"com.aventstack.extentreports.ExtentTest.info(String)\" because \"apiServices.ReportHook.test\" is null\njava.lang.NullPointerException: Cannot invoke \"com.aventstack.extentreports.ExtentTest.info(String)\" because \"apiServices.ReportHook.test\" is null\r\n\tat apiServices.ReportHook.afterScenario(ReportHook.java:48)\r\n\tat com.intuit.karate.core.ScenarioRuntime.lambda$afterRun$8(ScenarioRuntime.java:559)\r\n\tat java.base\/java.util.ArrayList.forEach(ArrayList.java:1511)\r\n\tat com.intuit.karate.core.ScenarioRuntime.afterRun(ScenarioRuntime.java:559)\r\n\tat com.intuit.karate.core.ScenarioRuntime.run(ScenarioRuntime.java:464)\r\n\tat com.intuit.karate.core.FeatureRuntime.processScenario(FeatureRuntime.java:182)\r\n\tat java.base\/java.util.stream.ReferencePipeline$2$1.accept(ReferencePipeline.java:179)\r\n\tat com.intuit.karate.core.ScenarioIterator.tryAdvance(ScenarioIterator.java:157)\r\n\tat java.base\/java.util.Spliterator.forEachRemaining(Spliterator.java:332)\r\n\tat java.base\/java.util.stream.AbstractPipeline.copyInto(AbstractPipeline.java:509)\r\n\tat java.base\/java.util.stream.AbstractPipeline.wrapAndCopyInto(AbstractPipeline.java:499)\r\n\tat java.base\/java.util.stream.StreamSpliterators$WrappingSpliterator.forEachRemaining(StreamSpliterators.java:310)\r\n\tat java.base\/java.util.Spliterators$1Adapter.forEachRemaining(Spliterators.java:706)\r\n\tat com.intuit.karate.core.FeatureRuntime.run(FeatureRuntime.java:165)\r\n\tat java.base\/java.util.concurrent.Executors$RunnableAdapter.call(Executors.java:539)\r\n\tat java.base\/java.util.concurrent.FutureTask.run(FutureTask.java:264)\r\n\tat com.intuit.karate.core.SyncExecutorService.execute(SyncExecutorService.java:70)\r\n\tat java.base\/java.util.concurrent.AbstractExecutorService.submit(AbstractExecutorService.java:123)\r\n\tat com.intuit.karate.Suite.run(Suite.java:235)\r\n\tat com.intuit.karate.Runner$Builder.parallel(Runner.java:575)\r\n\tat ScenarioRunner.testParallel(ScenarioRunner.java:15)\r\n\tat java.base\/jdk.internal.reflect.DirectMethodHandleAccessor.invoke(DirectMethodHandleAccessor.java:104)\r\n\tat java.base\/java.lang.reflect.Method.invoke(Method.java:577)\r\n\tat org.junit.platform.commons.util.ReflectionUtils.invokeMethod(ReflectionUtils.java:688)\r\n\tat org.junit.jupiter.engine.execution.MethodInvocation.proceed(MethodInvocation.java:60)\r\n\tat org.junit.jupiter.engine.execution.InvocationInterceptorChain$ValidatingInvocation.proceed(InvocationInterceptorChain.java:131)\r\n\tat org.junit.jupiter.engine.extension.TimeoutExtension.intercept(TimeoutExtension.java:149)\r\n\tat org.junit.jupiter.engine.extension.TimeoutExtension.interceptTestableMethod(TimeoutExtension.java:140)\r\n\tat org.junit.jupiter.engine.extension.TimeoutExtension.interceptTestMethod(TimeoutExtension.java:84)\r\n\tat org.junit.jupiter.engine.execution.ExecutableInvoker$ReflectiveInterceptorCall.lambda$ofVoidMethod$0(ExecutableInvoker.java:115)\r\n\tat org.junit.jupiter.engine.execution.ExecutableInvoker.lambda$invoke$0(ExecutableInvoker.java:105)\r\n\tat org.junit.jupiter.engine.execution.InvocationInterceptorChain$InterceptedInvocation.proceed(InvocationInterceptorChain.java:106)\r\n\tat org.junit.jupiter.engine.execution.InvocationInterceptorChain.proceed(InvocationInterceptorChain.java:64)\r\n\tat org.junit.jupiter.engine.execution.InvocationInterceptorChain.chainAndInvoke(InvocationInterceptorChain.java:45)\r\n\tat org.junit.jupiter.engine.execution.InvocationInterceptorChain.invoke(InvocationInterceptorChain.java:37)\r\n\tat org.junit.jupiter.engine.execution.ExecutableInvoker.invoke(ExecutableInvoker.java:104)\r\n\tat org.junit.jupiter.engine.execution.ExecutableInvoker.invoke(ExecutableInvoker.java:98)\r\n\tat org.junit.jupiter.engine.descriptor.TestMethodTestDescriptor.lambda$invokeTestMethod$6(TestMethodTestDescriptor.java:210)\r\n\tat org.junit.platform.engine.support.hierarchical.ThrowableCollector.execute(ThrowableCollector.java:73)\r\n\tat org.junit.jupiter.engine.descriptor.TestMethodTestDescriptor.invokeTestMethod(TestMethodTestDescriptor.java:206)\r\n\tat org.junit.jupiter.engine.descriptor.TestMethodTestDescriptor.execute(TestMethodTestDescriptor.java:131)\r\n\tat org.junit.jupiter.engine.descriptor.TestMethodTestDescriptor.execute(TestMethodTestDescriptor.java:65)\r\n\tat org.junit.platform.engine.support.hierarchical.NodeTestTask.lambda$executeRecursively$5(NodeTestTask.java:139)\r\n\tat org.junit.platform.engine.support.hierarchical.ThrowableCollector.execute(ThrowableCollector.java:73)\r\n\tat org.junit.platform.engine.support.hierarchical.NodeTestTask.lambda$executeRecursively$7(NodeTestTask.java:129)\r\n\tat org.junit.platform.engine.support.hierarchical.Node.around(Node.java:137)\r\n\tat org.junit.platform.engine.support.hierarchical.NodeTestTask.lambda$executeRecursively$8(NodeTestTask.java:127)\r\n\tat org.junit.platform.engine.support.hierarchical.ThrowableCollector.execute(ThrowableCollector.java:73)\r\n\tat org.junit.platform.engine.support.hierarchical.NodeTestTask.executeRecursively(NodeTestTask.java:126)\r\n\tat org.junit.platform.engine.support.hierarchical.NodeTestTask.execute(NodeTestTask.java:84)\r\n\tat java.base\/java.util.ArrayList.forEach(ArrayList.java:1511)\r\n\tat org.junit.platform.engine.support.hierarchical.SameThreadHierarchicalTestExecutorService.invokeAll(SameThreadHierarchicalTestExecutorService.java:38)\r\n\tat org.junit.platform.engine.support.hierarchical.NodeTestTask.lambda$executeRecursively$5(NodeTestTask.java:143)\r\n\tat org.junit.platform.engine.support.hierarchical.ThrowableCollector.execute(ThrowableCollector.java:73)\r\n\tat org.junit.platform.engine.support.hierarchical.NodeTestTask.lambda$executeRecursively$7(NodeTestTask.java:129)\r\n\tat org.junit.platform.engine.support.hierarchical.Node.around(Node.java:137)\r\n\tat org.junit.platform.engine.support.hierarchical.NodeTestTask.lambda$executeRecursively$8(NodeTestTask.java:127)\r\n\tat org.junit.platform.engine.support.hierarchical.ThrowableCollector.execute(ThrowableCollector.java:73)\r\n\tat org.junit.platform.engine.support.hierarchical.NodeTestTask.executeRecursively(NodeTestTask.java:126)\r\n\tat org.junit.platform.engine.support.hierarchical.NodeTestTask.execute(NodeTestTask.java:84)\r\n\tat java.base\/java.util.ArrayList.forEach(ArrayList.java:1511)\r\n\tat org.junit.platform.engine.support.hierarchical.SameThreadHierarchicalTestExecutorService.invokeAll(SameThreadHierarchicalTestExecutorService.java:38)\r\n\tat org.junit.platform.engine.support.hierarchical.NodeTestTask.lambda$executeRecursively$5(NodeTestTask.java:143)\r\n\tat org.junit.platform.engine.support.hierarchical.ThrowableCollector.execute(ThrowableCollector.java:73)\r\n\tat org.junit.platform.engine.support.hierarchical.NodeTestTask.lambda$executeRecursively$7(NodeTestTask.java:129)\r\n\tat org.junit.platform.engine.support.hierarchical.Node.around(Node.java:137)\r\n\tat org.junit.platform.engine.support.hierarchical.NodeTestTask.lambda$executeRecursively$8(NodeTestTask.java:127)\r\n\tat org.junit.platform.engine.support.hierarchical.ThrowableCollector.execute(ThrowableCollector.java:73)\r\n\tat org.junit.platform.engine.support.hierarchical.NodeTestTask.executeRecursively(NodeTestTask.java:126)\r\n\tat org.junit.platform.engine.support.hierarchical.NodeTestTask.execute(NodeTestTask.java:84)\r\n\tat org.junit.platform.engine.support.hierarchical.SameThreadHierarchicalTestExecutorService.submit(SameThreadHierarchicalTestExecutorService.java:32)\r\n\tat org.junit.platform.engine.support.hierarchical.HierarchicalTestExecutor.execute(HierarchicalTestExecutor.java:57)\r\n\tat org.junit.platform.engine.support.hierarchical.HierarchicalTestEngine.execute(HierarchicalTestEngine.java:51)\r\n\tat org.junit.platform.launcher.core.EngineExecutionOrchestrator.execute(EngineExecutionOrchestrator.java:108)\r\n\tat org.junit.platform.launcher.core.EngineExecutionOrchestrator.execute(EngineExecutionOrchestrator.java:88)\r\n\tat org.junit.platform.launcher.core.EngineExecutionOrchestrator.lambda$execute$0(EngineExecutionOrchestrator.java:54)\r\n\tat org.junit.platform.launcher.core.EngineExecutionOrchestrator.withInterceptedStreams(EngineExecutionOrchestrator.java:67)\r\n\tat org.junit.platform.launcher.core.EngineExecutionOrchestrator.execute(EngineExecutionOrchestrator.java:52)\r\n\tat org.junit.platform.launcher.core.DefaultLauncher.execute(DefaultLauncher.java:96)\r\n\tat org.junit.platform.launcher.core.DefaultLauncher.execute(DefaultLauncher.java:84)\r\n\tat org.eclipse.jdt.internal.junit5.runner.JUnit5TestReference.run(JUnit5TestReference.java:98)\r\n\tat org.eclipse.jdt.internal.junit.runner.TestExecution.run(TestExecution.java:40)\r\n\tat org.eclipse.jdt.internal.junit.runner.RemoteTestRunner.runTests(RemoteTestRunner.java:529)\r\n\tat org.eclipse.jdt.internal.junit.runner.RemoteTestRunner.runTests(RemoteTestRunner.java:756)\r\n\tat org.eclipse.jdt.internal.junit.runner.RemoteTestRunner.run(RemoteTestRunner.java:452)\r\n\tat org.eclipse.jdt.internal.junit.runner.RemoteTestRunner.main(RemoteTestRunner.java:210)\r\n"}],"line":3,"description":"","durationMillis":602.6541,"failed":true,"error":"Cannot invoke \"com.aventstack.extentreports.ExtentTest.info(String)\" because \"apiServices.ReportHook.test\" is null\nclasspath:apiServices\/NoTags.feature:3","tags":["Video"],"executorName":"main","name":"Create a user with given data","startTime":1672126159001,"refId":"[1:3]","endTime":1672126159882,"exampleIndex":-1}],"callDepth":0,"name":"Create user for POST API","description":"","resultDate":"2022-12-27 12:59:19 PM","durationMillis":602.6541,"passedCount":0}